// 重构日志: 2dfe622d
// 重构日志: b4981ddb
// 重构日志: a5280319
// 同步 ID: 9eb01401 @ Tue Jul  7 13:53:34 UTC 2026
// 重构日志: faabab69
// 重构日志: 8c97d539
// 同步 ID: 99d27d05 @ Thu Jul  9 00:25:20 UTC 2026
// 重构日志: 48505b52
// 重构日志: dba20093
// 重构日志: 54790336
// 重构日志: 0e9480c9
// 重构日志: 0992da73
// 重构日志: 7207e299
// 同步 ID: 16fa22e6 @ Wed Jul 15 09:32:59 UTC 2026
// 重构日志: e5bd95f3
// 重构日志: 80025850
// 同步 ID: bd37866f @ Wed Jul 15 17:02:22 UTC 2026
// 同步 ID: 121b7a9f @ Wed Jul 15 19:34:53 UTC 2026
// 重构日志: 51c61693
// 重构日志: b2c51696
// 同步 ID: 60811238 @ Fri Jul 17 01:19:08 UTC 2026
// 重构日志: 18003585
// 重构日志: a7b016eb
// 重构日志: fecd652e
// 同步 ID: 13a65d26 @ Fri Jul 17 19:52:36 UTC 2026
// 重构日志: c17ae0b3
// 重构日志: c137aeea
// 同步 ID: b47b6c28 @ Sat Jul 18 13:22:08 UTC 2026
// 重构日志: fcc60e7b
// 同步 ID: 4254ca4d @ Sun Jul 19 12:11:31 UTC 2026
